<?xml version="1.0" encoding="UTF-8"?>
<!-- Generated by org.testng.reporters.JUnitXMLReporter -->
<testsuite hostname="LAPTOP-RN5DS47J" ignored="0" name="Galaxy8inchBgAcil" tests="3" failures="0" timestamp="2020-07-21T11:29:13 ICT" time="60.017" errors="0">
  <testcase name="loginInvalidPassword" time="7.844" classname="com.qa.tests.LoginTest"/>
  <testcase name="loginInvalidUsername" time="5.409" classname="com.qa.tests.LoginTest"/>
  <testcase name="loginValidUser" time="15.356" classname="com.qa.tests.LoginTest"/>
</testsuite> <!-- Galaxy8inchBgAcil -->
