<?xml version="1.0" encoding="UTF-8"?>
<!-- Generated by org.testng.reporters.JUnitXMLReporter -->
<testsuite ignored="2" hostname="DESKTOP-GMEKR49" failures="1" tests="1" name="Galaxy8inchPutih" time="38.154" errors="0" timestamp="2020-08-06T17:41:33 ICT">
  <testcase classname="com.qa.tests.AddCustomer" name="@AfterMethod afterMethod" time="0.001">
    <failure type="java.lang.NullPointerException">
      <![CDATA[java.lang.NullPointerException
at com.qa.tests.AddCustomer.afterMethod(AddCustomer.java:105)
at java.base/java.util.ArrayList.forEach(ArrayList.java:1380)
at java.base/java.util.concurrent.FutureTask.run(FutureTask.java:264)
at java.base/java.util.concurrent.ThreadPoolExecutor.runWorker(ThreadPoolExecutor.java:1167)
at java.base/java.util.concurrent.ThreadPoolExecutor$Worker.run(ThreadPoolExecutor.java:641)
at java.base/java.lang.Thread.run(Thread.java:844)
... Removed 23 stack frames]]>
    </failure>
  </testcase> <!-- @AfterMethod afterMethod -->
  <testcase classname="com.qa.base.BaseTest" name="@AfterMethod afterMethod" time="-1.596710493885E9">
    <skipped/>
  </testcase> <!-- @AfterMethod afterMethod -->
  <testcase classname="com.qa.tests.AddCustomer" name="@AfterClass afterClass" time="-1.596710493888E9">
    <skipped/>
  </testcase> <!-- @AfterClass afterClass -->
  <testcase classname="com.qa.base.BaseTest" name="@AfterTest afterTest" time="-1.596710493892E9">
    <skipped/>
  </testcase> <!-- @AfterTest afterTest -->
  <testcase classname="com.qa.tests.AddCustomer" name="canceladdNewcustomer" time="15.529">
    <failure type="java.lang.NullPointerException">
      <![CDATA[java.lang.NullPointerException
at com.qa.tests.AddCustomer.logout(AddCustomer.java:117)
at com.qa.tests.AddCustomer.canceladdNewcustomer(AddCustomer.java:188)
at java.base/java.util.ArrayList.forEach(ArrayList.java:1380)
at java.base/java.util.concurrent.FutureTask.run(FutureTask.java:264)
at java.base/java.util.concurrent.ThreadPoolExecutor.runWorker(ThreadPoolExecutor.java:1167)
at java.base/java.util.concurrent.ThreadPoolExecutor$Worker.run(ThreadPoolExecutor.java:641)
at java.base/java.lang.Thread.run(Thread.java:844)
... Removed 18 stack frames]]>
    </failure>
  </testcase> <!-- canceladdNewcustomer -->
  <testcase classname="com.qa.tests.AddCustomer" name="masukcariCustomerall" time="0.0">
    <ignored/>
  </testcase> <!-- masukcariCustomerall -->
  <testcase classname="com.qa.tests.AddCustomer" name="addNewcustomer" time="0.0">
    <ignored/>
  </testcase> <!-- addNewcustomer -->
</testsuite> <!-- Galaxy8inchPutih -->
