<?xml version="1.0" encoding="UTF-8"?>
<!-- Generated by org.testng.reporters.JUnitXMLReporter -->
<testsuite hostname="DESKTOP-UH2AGQ7" ignored="0" name="Galaxy8inchPutih" tests="3" failures="0" timestamp="2020-09-02T10:35:36 ICT" time="58.212" errors="0">
  <testcase name="loginValidUser" time="5.14" classname="com.qa.tests.MenggantiFooterRow2Test"/>
  <testcase name="gantiFooterRow1" time="22.864" classname="com.qa.tests.MenggantiFooterRow2Test"/>
  <testcase name="logout" time="4.492" classname="com.qa.tests.MenggantiFooterRow2Test"/>
</testsuite> <!-- Galaxy8inchPutih -->
