<?xml version="1.0" encoding="UTF-8"?>
<!-- Generated by org.testng.reporters.JUnitXMLReporter -->
<testsuite hostname="LAPTOP-RN5DS47J" ignored="3" name="Tab12inch" tests="2" failures="0" timestamp="2020-07-23T17:48:50 ICT" time="54.814" errors="0">
  <testcase name="kosongkanFooterRow2" time="27.012" classname="com.qa.tests.ProfilTest"/>
  <testcase name="kosongkanFooterRow1" time="28.812" classname="com.qa.tests.ProfilTest"/>
  <testcase name="kosongkanFooterRow2" time="0.0" classname="com.qa.tests.ProfilTest">
    <ignored/>
  </testcase> <!-- kosongkanFooterRow2 -->
  <testcase name="kosongkanSemuaRowFooter" time="0.0" classname="com.qa.tests.ProfilTest">
    <ignored/>
  </testcase> <!-- kosongkanSemuaRowFooter -->
  <testcase name="isiSemuaRowFooter" time="0.0" classname="com.qa.tests.ProfilTest">
    <ignored/>
  </testcase> <!-- isiSemuaRowFooter -->
</testsuite> <!-- Tab12inch -->
