<?xml version="1.0" encoding="UTF-8"?>
<!-- Generated by org.testng.reporters.JUnitXMLReporter -->
<testsuite ignored="3" hostname="DESKTOP-GMEKR49" failures="0" tests="0" name="Tab12inch" time="1.759" errors="0" timestamp="2020-08-03T15:58:49 ICT">
  <testcase classname="com.qa.tests.ProfilTest" name="kosongkanFooterRow2" time="0.0">
    <ignored/>
  </testcase> <!-- kosongkanFooterRow2 -->
  <testcase classname="com.qa.tests.ProfilTest" name="kosongkanSemuaRowFooter" time="0.0">
    <ignored/>
  </testcase> <!-- kosongkanSemuaRowFooter -->
  <testcase classname="com.qa.tests.ProfilTest" name="isiSemuaRowFooter" time="0.0">
    <ignored/>
  </testcase> <!-- isiSemuaRowFooter -->
</testsuite> <!-- Tab12inch -->
