<?xml version="1.0" encoding="UTF-8"?>
<!-- Generated by org.testng.reporters.JUnitXMLReporter -->
<testsuite ignored="3" hostname="DESKTOP-GMEKR49" failures="0" tests="3" name="Tab7inch" time="1.602" errors="0" timestamp="2020-08-03T15:59:50 ICT">
  <testcase classname="com.qa.tests.ProfilTest" name="isiSemuaRowFooter" time="0.0">
    <skipped/>
  </testcase> <!-- isiSemuaRowFooter -->
  <testcase classname="com.qa.tests.PPOBTest" name="bayarTagihanPLNPrabayar5ribu" time="0.0">
    <skipped/>
  </testcase> <!-- bayarTagihanPLNPrabayar5ribu -->
  <testcase classname="com.qa.tests.ProfilTest" name="kosongkanFooterRow1" time="0.0">
    <skipped/>
  </testcase> <!-- kosongkanFooterRow1 -->
  <testcase classname="com.qa.tests.ProfilTest" name="kosongkanFooterRow1" time="0.0">
    <ignored/>
  </testcase> <!-- kosongkanFooterRow1 -->
  <testcase classname="com.qa.tests.ProfilTest" name="kosongkanFooterRow2" time="0.0">
    <ignored/>
  </testcase> <!-- kosongkanFooterRow2 -->
  <testcase classname="com.qa.tests.ProfilTest" name="kosongkanSemuaRowFooter" time="0.0">
    <ignored/>
  </testcase> <!-- kosongkanSemuaRowFooter -->
</testsuite> <!-- Tab7inch -->
