<?xml version="1.0" encoding="UTF-8"?>
<!-- Generated by org.testng.reporters.JUnitXMLReporter -->
<testsuite hostname="LAPTOP-RN5DS47J" ignored="3" name="Tab7inch" tests="1" failures="0" timestamp="2020-07-22T16:07:27 ICT" time="80.746" errors="0">
  <testcase name="isiSemuaRowFooter" time="36.172" classname="com.qa.tests.ProfilTest"/>
  <testcase name="kosongkanFooterRow1" time="0.0" classname="com.qa.tests.ProfilTest">
    <ignored/>
  </testcase> <!-- kosongkanFooterRow1 -->
  <testcase name="kosongkanFooterRow2" time="0.0" classname="com.qa.tests.ProfilTest">
    <ignored/>
  </testcase> <!-- kosongkanFooterRow2 -->
  <testcase name="kosongkanSemuaRowFooter" time="0.0" classname="com.qa.tests.ProfilTest">
    <ignored/>
  </testcase> <!-- kosongkanSemuaRowFooter -->
</testsuite> <!-- Tab7inch -->
