<?xml version="1.0" encoding="UTF-8"?>
<testng-results ignored="0" total="1" passed="1" failed="0" skipped="0">
  <reporter-output>
  </reporter-output>
  <suite started-at="2020-08-18T09:20:59 ICT" name="Test Suite" finished-at="2020-08-18T09:22:30 ICT" duration-ms="90912">
    <groups>
    </groups>
    <test started-at="2020-08-18T09:20:59 ICT" name="Galaxy8inchPutih" finished-at="2020-08-18T09:22:30 ICT" duration-ms="90912">
      <class name="com.qa.tests.InventoryTest">
        <test-method is-config="true" signature="beforeSuite()[pri:0, instance:com.qa.tests.InventoryTest@2ddc9a9f]" started-at="2020-08-18T09:19:38 ICT" name="beforeSuite" finished-at="2020-08-18T09:20:59 ICT" duration-ms="81098" status="PASS">
          <reporter-output>
          </reporter-output>
        </test-method> <!-- beforeSuite -->
        <test-method is-config="true" signature="beforeTest(java.lang.String, java.lang.String, java.lang.String, java.lang.String, java.lang.String, java.lang.String, java.lang.String, java.lang.String)[pri:0, instance:com.qa.tests.InventoryTest@2ddc9a9f]" started-at="2020-08-18T09:20:59 ICT" name="beforeTest" finished-at="2020-08-18T09:21:32 ICT" duration-ms="32697" status="PASS">
          <params>
            <param index="0">
              <value>
                <![CDATA[false]]>
              </value>
            </param>
            <param index="1">
              <value>
                <![CDATA[Android]]>
              </value>
            </param>
            <param index="2">
              <value>
                <![CDATA[9.0]]>
              </value>
            </param>
            <param index="3">
              <value>
                <![CDATA[SM-T295-Bg-Acil]]>
              </value>
            </param>
            <param index="4">
              <value>
                <![CDATA[R9CMC04AD1J]]>
              </value>
            </param>
            <param index="5">
              <value>
                <![CDATA[10004]]>
              </value>
            </param>
            <param index="6">
              <value>
                <![CDATA[11004]]>
              </value>
            </param>
            <param index="7">
              <value>
                <![CDATA[12004]]>
              </value>
            </param>
          </params>
          <reporter-output>
          </reporter-output>
        </test-method> <!-- beforeTest -->
        <test-method is-config="true" signature="beforeClass()[pri:0, instance:com.qa.tests.InventoryTest@2ddc9a9f]" started-at="2020-08-18T09:21:32 ICT" name="beforeClass" finished-at="2020-08-18T09:21:37 ICT" duration-ms="5785" status="PASS">
          <reporter-output>
          </reporter-output>
        </test-method> <!-- beforeClass -->
        <test-method is-config="true" signature="beforeMethod()[pri:0, instance:com.qa.tests.InventoryTest@2ddc9a9f]" started-at="2020-08-18T09:21:37 ICT" name="beforeMethod" finished-at="2020-08-18T09:21:37 ICT" duration-ms="0" status="PASS">
          <reporter-output>
          </reporter-output>
        </test-method> <!-- beforeMethod -->
        <test-method is-config="true" signature="beforeMethod(java.lang.reflect.Method)[pri:0, instance:com.qa.tests.InventoryTest@2ddc9a9f]" started-at="2020-08-18T09:21:37 ICT" name="beforeMethod" finished-at="2020-08-18T09:21:38 ICT" duration-ms="451" status="PASS">
          <params>
            <param index="0">
              <value>
                <![CDATA[public void com.qa.tests.InventoryTest.beliInventory()]]>
              </value>
            </param>
          </params>
          <reporter-output>
          </reporter-output>
        </test-method> <!-- beforeMethod -->
        <test-method signature="beliInventory()[pri:0, instance:com.qa.tests.InventoryTest@2ddc9a9f]" started-at="2020-08-18T09:21:38 ICT" name="beliInventory" finished-at="2020-08-18T09:22:29 ICT" duration-ms="51239" status="PASS">
          <reporter-output>
          </reporter-output>
        </test-method> <!-- beliInventory -->
        <test-method is-config="true" signature="afterMethod()[pri:0, instance:com.qa.tests.InventoryTest@2ddc9a9f]" started-at="2020-08-18T09:22:29 ICT" name="afterMethod" finished-at="2020-08-18T09:22:29 ICT" duration-ms="2" status="PASS">
          <reporter-output>
          </reporter-output>
        </test-method> <!-- afterMethod -->
        <test-method is-config="true" signature="afterMethod(org.testng.ITestResult)[pri:0, instance:com.qa.tests.InventoryTest@2ddc9a9f]" started-at="2020-08-18T09:22:29 ICT" name="afterMethod" finished-at="2020-08-18T09:22:29 ICT" duration-ms="0" status="PASS">
          <params>
            <param index="0">
              <value>
                <![CDATA[[TestResult name=beliInventory status=SUCCESS method=InventoryTest.beliInventory()[pri:0, instance:com.qa.tests.InventoryTest@2ddc9a9f] output={null}]]]>
              </value>
            </param>
          </params>
          <reporter-output>
          </reporter-output>
        </test-method> <!-- afterMethod -->
        <test-method is-config="true" signature="afterClass()[pri:0, instance:com.qa.tests.InventoryTest@2ddc9a9f]" started-at="2020-08-18T09:22:29 ICT" name="afterClass" finished-at="2020-08-18T09:22:29 ICT" duration-ms="0" status="PASS">
          <reporter-output>
          </reporter-output>
        </test-method> <!-- afterClass -->
        <test-method is-config="true" signature="afterTest()[pri:0, instance:com.qa.tests.InventoryTest@2ddc9a9f]" started-at="2020-08-18T09:22:29 ICT" name="afterTest" finished-at="2020-08-18T09:22:30 ICT" duration-ms="602" status="PASS">
          <reporter-output>
          </reporter-output>
        </test-method> <!-- afterTest -->
        <test-method is-config="true" signature="afterSuite()[pri:0, instance:com.qa.tests.InventoryTest@2ddc9a9f]" started-at="2020-08-18T09:22:31 ICT" name="afterSuite" finished-at="2020-08-18T09:22:31 ICT" duration-ms="54" status="PASS">
          <reporter-output>
          </reporter-output>
        </test-method> <!-- afterSuite -->
      </class> <!-- com.qa.tests.InventoryTest -->
    </test> <!-- Galaxy8inchPutih -->
  </suite> <!-- Test Suite -->
</testng-results>
